<?xml version="1.0" encoding="UTF-8"?>
<!-- Generated by org.testng.reporters.JUnitXMLReporter -->
<testsuite ignored="0" hostname="LAPTOP-UD4LBO6R" failures="0" tests="3" name="Default test" time="0.084" errors="0" timestamp="2020-05-01T03:09:05 PDT">
  <testcase classname="testPackages.Day3" name="loginAPICarLoan" time="0.011"/>
  <testcase classname="testPackages.Day3" name="webloginCarLoan" time="0.002"/>
  <testcase classname="testPackages.Day3" name="mobileloginCarLoan" time="0.001"/>
</testsuite> <!-- Default test -->
