<?xml version="1.0" encoding="UTF-8"?>
<testng-results ignored="0" total="3" passed="3" failed="0" skipped="0">
  <reporter-output>
  </reporter-output>
  <suite started-at="2020-05-01T03:09:05 PDT" name="Default suite" finished-at="2020-05-01T03:09:05 PDT" duration-ms="84">
    <groups>
      <group name="Smoke">
        <method signature="Day3.loginAPICarLoan()[pri:0, instance:testPackages.Day3@d83da2e]" name="loginAPICarLoan" class="testPackages.Day3"/>
      </group> <!-- Smoke -->
    </groups>
    <test started-at="2020-05-01T03:09:05 PDT" name="Default test" finished-at="2020-05-01T03:09:05 PDT" duration-ms="84">
      <class name="testPackages.Day3">
        <test-method signature="loginAPICarLoan()[pri:0, instance:testPackages.Day3@d83da2e]" started-at="2020-05-01T03:09:05 PDT" name="loginAPICarLoan" finished-at="2020-05-01T03:09:05 PDT" duration-ms="11" status="PASS">
          <reporter-output>
          </reporter-output>
        </test-method> <!-- loginAPICarLoan -->
        <test-method signature="webloginCarLoan()[pri:0, instance:testPackages.Day3@d83da2e]" started-at="2020-05-01T03:09:05 PDT" name="webloginCarLoan" finished-at="2020-05-01T03:09:05 PDT" duration-ms="2" status="PASS">
          <reporter-output>
          </reporter-output>
        </test-method> <!-- webloginCarLoan -->
        <test-method signature="mobileloginCarLoan()[pri:0, instance:testPackages.Day3@d83da2e]" started-at="2020-05-01T03:09:05 PDT" name="mobileloginCarLoan" finished-at="2020-05-01T03:09:05 PDT" depends-on-methods="testPackages.Day3.webloginCarLoan" duration-ms="1" status="PASS">
          <reporter-output>
          </reporter-output>
        </test-method> <!-- mobileloginCarLoan -->
      </class> <!-- testPackages.Day3 -->
    </test> <!-- Default test -->
  </suite> <!-- Default suite -->
</testng-results>
